2023-04-26 18:20:58 INFO  LoginController:39 - User requested to log into account admin
2023-04-26 18:20:59 INFO  LoginController:68 - User Admin successfully logged in
2023-04-26 18:22:27 INFO  LoginController:39 - User requested to log into account admin
2023-04-26 18:22:27 INFO  LoginController:68 - User Admin successfully logged in
2023-04-26 18:23:02 INFO  HomeController:74 - User requested to create a new recipe
2023-04-26 18:23:41 INFO  AddRecipeController:393 - User requested to go back to the home screen
2023-04-26 18:34:00 INFO  RecipeController:109 - User requested to go back to the home screen
2023-04-26 18:34:09 INFO  HomeController:74 - User requested to create a new recipe
2023-04-26 18:40:09 INFO  AddRecipeController:393 - User requested to go back to the home screen
2023-04-26 18:40:12 INFO  HomeController:66 - User logged out of the application
2023-04-26 18:40:13 INFO  LoginController:80 - User requested to register a new account
2023-04-26 18:44:00 INFO  LoginController:39 - User requested to log into account janik
2023-04-26 18:44:00 INFO  LoginController:68 - User Jano successfully logged in
2023-04-26 18:44:05 INFO  RecipeController:109 - User requested to go back to the home screen
2023-04-26 18:44:14 INFO  RecipeController:109 - User requested to go back to the home screen
2023-04-26 18:44:19 INFO  RecipeController:109 - User requested to go back to the home screen
2023-04-26 18:44:21 INFO  RecipeController:109 - User requested to go back to the home screen
2023-04-26 18:44:23 INFO  RecipeController:109 - User requested to go back to the home screen
2023-04-26 18:44:25 INFO  RecipeController:109 - User requested to go back to the home screen
2023-04-26 18:45:55 INFO  RecipeController:109 - User requested to go back to the home screen
2023-04-26 18:48:07 INFO  RecipeController:109 - User requested to go back to the home screen
2023-04-26 18:48:15 INFO  RecipeController:109 - User requested to go back to the home screen
2023-04-26 18:48:24 INFO  HomeController:66 - User logged out of the application
2023-04-26 18:48:32 INFO  LoginController:39 - User requested to log into account janik
2023-04-26 18:48:32 INFO  LoginController:68 - User Jano successfully logged in
2023-04-26 18:50:04 INFO  LoginController:39 - User requested to log into account janik
2023-04-26 18:50:04 INFO  LoginController:68 - User Jano successfully logged in
2023-04-26 19:14:26 INFO  LoginController:39 - User requested to log into account admin
2023-04-26 19:14:27 INFO  LoginController:68 - User Admin successfully logged in
2023-04-26 19:14:38 INFO  RecipeController:81 - User requested to go back to the home screen
2023-04-26 19:15:36 INFO  HomeController:71 - User logged out of the application
2023-04-26 19:15:52 INFO  LoginController:80 - User requested to register a new account
2023-04-26 19:21:38 INFO  LoginController:39 - User requested to log into account janik
2023-04-26 19:21:38 INFO  LoginController:68 - User Jano successfully logged in
2023-04-26 19:24:08 INFO  RecipeController:98 - Administrator requested to delete recipe number 20
2023-04-26 19:25:49 INFO  RecipeController:81 - User requested to go back to the home screen
2023-04-26 19:25:52 INFO  RecipeController:81 - User requested to go back to the home screen
2023-04-26 19:25:54 INFO  RecipeController:81 - User requested to go back to the home screen
2023-04-26 19:25:56 INFO  RecipeController:81 - User requested to go back to the home screen
2023-04-26 19:25:59 INFO  RecipeController:81 - User requested to go back to the home screen
2023-04-26 19:25:59 INFO  HomeController:71 - User logged out of the application
2023-04-26 19:26:05 INFO  LoginController:39 - User requested to log into account janik
2023-04-26 19:26:05 INFO  LoginController:68 - User Jano successfully logged in
2023-04-26 19:26:22 INFO  RecipeController:81 - User requested to go back to the home screen
2023-04-26 19:26:25 INFO  RecipeController:81 - User requested to go back to the home screen
2023-04-26 19:28:36 INFO  RecipeController:81 - User requested to go back to the home screen
2023-04-26 19:28:37 INFO  HomeController:79 - User requested to create a new recipe
2023-04-26 19:30:25 INFO  AddRecipeController:393 - User requested to go back to the home screen
2023-04-26 20:40:05 INFO  LoginController:39 - User requested to log into account janik
2023-04-26 20:40:06 INFO  LoginController:68 - User Jano successfully logged in
2023-04-26 20:40:09 INFO  HomeController:79 - User requested to create a new recipe
2023-04-26 22:20:43 INFO  LoginController:39 - User requested to log into account janik
2023-04-26 22:20:43 INFO  LoginController:68 - User Jano successfully logged in
2023-04-26 22:20:49 INFO  RecipeController:109 - User requested to go back to the home screen
2023-04-26 22:20:56 INFO  RecipeController:109 - User requested to go back to the home screen
2023-04-26 22:20:57 INFO  HomeController:70 - User logged out of the application
2023-04-26 22:21:04 INFO  LoginController:39 - User requested to log into account admin
2023-04-26 22:21:04 INFO  LoginController:68 - User Admin successfully logged in
2023-04-26 22:21:10 INFO  AddRecipeController:186 - User requested to go back to the home screen
2023-04-26 22:59:25 INFO  AddRecipeController:186 - User requested to go back to the home screen
2023-04-26 22:59:43 INFO  HomeController:70 - User logged out of the application
2023-04-26 22:59:50 INFO  LoginController:39 - User requested to log into account admin
2023-04-26 22:59:50 INFO  LoginController:68 - User Admin successfully logged in
2023-04-26 22:59:58 INFO  AddRecipeController:186 - User requested to go back to the home screen
2023-04-26 23:12:24 INFO  LoginController:39 - User requested to log into account admin
2023-04-26 23:12:25 INFO  LoginController:68 - User Admin successfully logged in
2023-04-26 23:12:49 INFO  HomeController:70 - User logged out of the application
2023-04-26 23:13:02 INFO  LoginController:39 - User requested to log into account david
2023-04-26 23:13:02 INFO  LoginController:68 - User David successfully logged in
2023-04-26 23:13:03 ERROR DBUtils:85 - 
/C:/Users/Lenovo/Desktop/FIIT/FIIT%206.%20Semester/VAVA/vava_code/vava/CookingManager/target/classes/eu/fiit/cookingmanager/cookingmanager/recipe.fxml:45

2023-04-26 23:13:07 ERROR DBUtils:85 - 
/C:/Users/Lenovo/Desktop/FIIT/FIIT%206.%20Semester/VAVA/vava_code/vava/CookingManager/target/classes/eu/fiit/cookingmanager/cookingmanager/recipe.fxml:45

2023-04-26 23:13:09 ERROR DBUtils:85 - 
/C:/Users/Lenovo/Desktop/FIIT/FIIT%206.%20Semester/VAVA/vava_code/vava/CookingManager/target/classes/eu/fiit/cookingmanager/cookingmanager/recipe.fxml:45

2023-04-26 23:13:09 ERROR DBUtils:85 - 
/C:/Users/Lenovo/Desktop/FIIT/FIIT%206.%20Semester/VAVA/vava_code/vava/CookingManager/target/classes/eu/fiit/cookingmanager/cookingmanager/recipe.fxml:45

2023-04-26 23:13:10 ERROR DBUtils:85 - 
/C:/Users/Lenovo/Desktop/FIIT/FIIT%206.%20Semester/VAVA/vava_code/vava/CookingManager/target/classes/eu/fiit/cookingmanager/cookingmanager/recipe.fxml:45

2023-04-26 23:13:11 ERROR DBUtils:85 - 
/C:/Users/Lenovo/Desktop/FIIT/FIIT%206.%20Semester/VAVA/vava_code/vava/CookingManager/target/classes/eu/fiit/cookingmanager/cookingmanager/recipe.fxml:45

2023-04-26 23:13:12 ERROR DBUtils:85 - 
/C:/Users/Lenovo/Desktop/FIIT/FIIT%206.%20Semester/VAVA/vava_code/vava/CookingManager/target/classes/eu/fiit/cookingmanager/cookingmanager/recipe.fxml:45

2023-04-26 23:13:13 ERROR DBUtils:85 - 
/C:/Users/Lenovo/Desktop/FIIT/FIIT%206.%20Semester/VAVA/vava_code/vava/CookingManager/target/classes/eu/fiit/cookingmanager/cookingmanager/recipe.fxml:45

2023-04-26 23:13:13 ERROR DBUtils:85 - 
/C:/Users/Lenovo/Desktop/FIIT/FIIT%206.%20Semester/VAVA/vava_code/vava/CookingManager/target/classes/eu/fiit/cookingmanager/cookingmanager/recipe.fxml:45

2023-04-26 23:13:13 ERROR DBUtils:85 - 
/C:/Users/Lenovo/Desktop/FIIT/FIIT%206.%20Semester/VAVA/vava_code/vava/CookingManager/target/classes/eu/fiit/cookingmanager/cookingmanager/recipe.fxml:45

2023-04-26 23:13:13 ERROR DBUtils:85 - 
/C:/Users/Lenovo/Desktop/FIIT/FIIT%206.%20Semester/VAVA/vava_code/vava/CookingManager/target/classes/eu/fiit/cookingmanager/cookingmanager/recipe.fxml:45

2023-04-26 23:13:13 ERROR DBUtils:85 - 
/C:/Users/Lenovo/Desktop/FIIT/FIIT%206.%20Semester/VAVA/vava_code/vava/CookingManager/target/classes/eu/fiit/cookingmanager/cookingmanager/recipe.fxml:45

2023-04-26 23:13:14 ERROR DBUtils:85 - 
/C:/Users/Lenovo/Desktop/FIIT/FIIT%206.%20Semester/VAVA/vava_code/vava/CookingManager/target/classes/eu/fiit/cookingmanager/cookingmanager/recipe.fxml:45

2023-04-26 23:13:14 ERROR DBUtils:85 - 
/C:/Users/Lenovo/Desktop/FIIT/FIIT%206.%20Semester/VAVA/vava_code/vava/CookingManager/target/classes/eu/fiit/cookingmanager/cookingmanager/recipe.fxml:45

2023-04-26 23:13:14 ERROR DBUtils:85 - 
/C:/Users/Lenovo/Desktop/FIIT/FIIT%206.%20Semester/VAVA/vava_code/vava/CookingManager/target/classes/eu/fiit/cookingmanager/cookingmanager/recipe.fxml:45

2023-04-26 23:13:33 INFO  HomeController:78 - User requested to create a new recipe
2023-04-26 23:13:35 INFO  AddRecipeController:385 - User requested to go back to the home screen
